<?xml version="1.0" encoding="UTF-8"?>
<!-- Generated by org.testng.reporters.JUnitXMLReporter -->
<testsuite ignored="0" hostname="DESKTOP-SNIDNH1" failures="0" tests="3" name="Default test" time="13.195" errors="0" timestamp="20 Jun 2021 01:48:01 GMT">
  <testcase classname="testNG.RegistrationTest" name="registration" time="1.692"/>
  <testcase classname="testNG.RegistrationTest" name="registration" time="1.655"/>
  <testcase classname="testNG.RegistrationTest" name="registration" time="1.766"/>
</testsuite> <!-- Default test -->
