<?xml version="1.0" encoding="UTF-8"?>
<testng-results ignored="0" total="3" passed="3" failed="0" skipped="0">
  <reporter-output>
  </reporter-output>
  <suite started-at="2021-06-20T01:47:48Z" name="Default suite" finished-at="2021-06-20T01:48:01Z" duration-ms="13195">
    <groups>
    </groups>
    <test started-at="2021-06-20T01:47:48Z" name="Default test" finished-at="2021-06-20T01:48:01Z" duration-ms="13195">
      <class name="testNG.RegistrationTest">
        <test-method is-config="true" signature="setup()[pri:0, instance:testNG.RegistrationTest@79d8407f]" started-at="2021-06-20T01:47:48Z" name="setup" finished-at="2021-06-20T01:47:51Z" duration-ms="3418" status="PASS">
          <reporter-output>
          </reporter-output>
        </test-method> <!-- setup -->
        <test-method signature="registration(java.lang.String, java.lang.String, java.lang.String, java.lang.String, java.lang.String)[pri:0, instance:testNG.RegistrationTest@79d8407f]" started-at="2021-06-20T01:47:51Z" name="registration" data-provider="getRegistrationData" finished-at="2021-06-20T01:47:53Z" duration-ms="1692" status="PASS">
          <params>
            <param index="0">
              <value>
                <![CDATA[seem]]>
              </value>
            </param>
            <param index="1">
              <value>
                <![CDATA[test]]>
              </value>
            </param>
            <param index="2">
              <value>
                <![CDATA[aunty@gmail.com]]>
              </value>
            </param>
            <param index="3">
              <value>
                <![CDATA[398-987-8976]]>
              </value>
            </param>
            <param index="4">
              <value>
                <![CDATA[dntKnow@12]]>
              </value>
            </param>
          </params>
          <reporter-output>
          </reporter-output>
        </test-method> <!-- registration -->
        <test-method is-config="true" signature="setup()[pri:0, instance:testNG.RegistrationTest@79d8407f]" started-at="2021-06-20T01:47:53Z" name="setup" finished-at="2021-06-20T01:47:55Z" duration-ms="2276" status="PASS">
          <reporter-output>
          </reporter-output>
        </test-method> <!-- setup -->
        <test-method signature="registration(java.lang.String, java.lang.String, java.lang.String, java.lang.String, java.lang.String)[pri:0, instance:testNG.RegistrationTest@79d8407f]" started-at="2021-06-20T01:47:55Z" name="registration" data-provider="getRegistrationData" finished-at="2021-06-20T01:47:57Z" duration-ms="1655" status="PASS">
          <params>
            <param index="0">
              <value>
                <![CDATA[see]]>
              </value>
            </param>
            <param index="1">
              <value>
                <![CDATA[test2]]>
              </value>
            </param>
            <param index="2">
              <value>
                <![CDATA[aunty35@gmail.com]]>
              </value>
            </param>
            <param index="3">
              <value>
                <![CDATA[398-987-9976]]>
              </value>
            </param>
            <param index="4">
              <value>
                <![CDATA[dntKnow@12]]>
              </value>
            </param>
          </params>
          <reporter-output>
          </reporter-output>
        </test-method> <!-- registration -->
        <test-method is-config="true" signature="setup()[pri:0, instance:testNG.RegistrationTest@79d8407f]" started-at="2021-06-20T01:47:57Z" name="setup" finished-at="2021-06-20T01:47:59Z" duration-ms="2359" status="PASS">
          <reporter-output>
          </reporter-output>
        </test-method> <!-- setup -->
        <test-method signature="registration(java.lang.String, java.lang.String, java.lang.String, java.lang.String, java.lang.String)[pri:0, instance:testNG.RegistrationTest@79d8407f]" started-at="2021-06-20T01:47:59Z" name="registration" data-provider="getRegistrationData" finished-at="2021-06-20T01:48:01Z" duration-ms="1766" status="PASS">
          <params>
            <param index="0">
              <value>
                <![CDATA[third]]>
              </value>
            </param>
            <param index="1">
              <value>
                <![CDATA[test3]]>
              </value>
            </param>
            <param index="2">
              <value>
                <![CDATA[aynty90@gmail.com]]>
              </value>
            </param>
            <param index="3">
              <value>
                <![CDATA[398-987-9976]]>
              </value>
            </param>
            <param index="4">
              <value>
                <![CDATA[dntKnow@13]]>
              </value>
            </param>
          </params>
          <reporter-output>
          </reporter-output>
        </test-method> <!-- registration -->
      </class> <!-- testNG.RegistrationTest -->
    </test> <!-- Default test -->
  </suite> <!-- Default suite -->
</testng-results>
